<?xml version="1.0" encoding="utf-8"?><testsuites name="pytest tests"><testsuite name="pytest" errors="0" failures="0" skipped="0" tests="20" time="1.582" timestamp="2026-08-20T16:56:41.526095+00:00" hostname="agent-env-bd360506-8b55-49f2-8548-f013a4ad9627"><testcase classname="tests.test_fix_a_marker_tolerant.TestPageMarkerDefectFixed" name="test_strict_fails_tolerant_succeeds_across_page_marker" time="0.001" /><testcase classname="tests.test_fix_a_marker_tolerant.TestBridgesAllInjectedMarkers" name="test_bridges_table_marker" time="0.000" /><testcase classname="tests.test_fix_a_marker_tolerant.TestBridgesAllInjectedMarkers" name="test_bridges_section_marker" time="0.000" /><testcase classname="tests.test_fix_a_marker_tolerant.TestBridgesAllInjectedMarkers" name="test_bridges_loc_marker" time="0.000" /><testcase classname="tests.test_fix_a_marker_tolerant.TestBridgesAllInjectedMarkers" name="test_bridges_docx_paragraph_prefix" time="0.000" /><testcase classname="tests.test_fix_a_marker_tolerant.TestBridgesAllInjectedMarkers" name="test_bridges_multiple_marker_types_mixed" time="0.000" /><testcase classname="tests.test_fix_a_marker_tolerant.TestNormalMatchStillWorks" name="test_no_marker_quote_matches_plain_substring_position" time="0.000" /><testcase classname="tests.test_fix_a_marker_tolerant.TestNormalMatchStillWorks" name="test_whitespace_normalized_match_still_works" time="0.000" /><testcase classname="tests.test_fix_a_marker_tolerant.TestNoFuzzyOrSemantic" name="test_unknown_word_returns_none" time="0.000" /><testcase classname="tests.test_fix_a_marker_tolerant.TestNoFuzzyOrSemantic" name="test_hallucinated_paraphrase_returns_none" time="0.000" /><testcase classname="tests.test_fix_a_marker_tolerant.TestNoFuzzyOrSemantic" name="test_wrong_token_order_returns_none" time="0.000" /><testcase classname="tests.test_fix_a_marker_tolerant.TestNoFuzzyOrSemantic" name="test_missing_word_from_middle_returns_none" time="0.000" /><testcase classname="tests.test_fix_a_marker_tolerant.TestNoFuzzyOrSemantic" name="test_extra_word_in_quote_returns_none" time="0.000" /><testcase classname="tests.test_fix_a_marker_tolerant.TestDisplayQuoteAndOffset" name="test_offset_indexes_original_raw" time="0.000" /><testcase classname="tests.test_fix_a_marker_tolerant.TestDisplayQuoteAndOffset" name="test_display_quote_strips_all_marker_types" time="0.000" /><testcase classname="tests.test_fix_a_marker_tolerant.TestDisplayQuoteAndOffset" name="test_display_quote_caps_at_400_chars" time="0.000" /><testcase classname="tests.test_fix_a_marker_tolerant.TestValidateSourcesEndToEnd" name="test_validate_sources_marker_spanning_quote" time="0.000" /><testcase classname="tests.test_fix_a_marker_tolerant.TestValidateSourcesEndToEnd" name="test_validate_sources_drops_non_verbatim" time="0.000" /><testcase classname="tests.test_fix_a_marker_tolerant.TestLocationAtStartingPage" name="test_location_maps_to_page_before_marker" time="0.000" /><testcase classname="tests.test_fix_a_marker_tolerant.TestLocationAtStartingPage" name="test_location_page_two_when_quote_starts_on_p2" time="0.000" /></testsuite></testsuites>