<?xml version="1.0" encoding="utf-8"?><testsuites name="pytest tests"><testsuite name="pytest" errors="0" failures="0" skipped="0" tests="7" time="3.412" timestamp="2026-08-20T08:33:35.710408+00:00" hostname="agent-env-bd360506-8b55-49f2-8548-f013a4ad9627"><testcase classname="tests.test_clauseclock_gate.TestGate1Docx" name="test_docx_extraction_markers_and_content" time="0.445" /><testcase classname="tests.test_clauseclock_gate.TestGate2TwoCol" name="test_twocol_pdf_readable_with_page_markers" time="0.271" /><testcase classname="tests.test_clauseclock_gate.TestGate3LongPdf" name="test_40page_pdf_has_all_page_markers" time="1.603" /><testcase classname="tests.test_clauseclock_gate.TestGate4Appendix" name="test_appendix_page2_captured" time="0.069" /><testcase classname="tests.test_clauseclock_gate.TestGate5Tables" name="test_tables_extracted" time="0.065" /><testcase classname="tests.test_clauseclock_gate.TestScannedGuardrail" name="test_scanned_pdf_returns_exact_message" time="0.108" /><testcase classname="tests.test_clauseclock_gate.TestZZCleanup" name="test_hard_delete_all_and_verify_gridfs" time="0.781" /></testsuite></testsuites>