<?xml version="1.0" encoding="utf-8"?><testsuites name="pytest tests"><testsuite name="pytest" errors="0" failures="0" skipped="0" tests="5" time="3.281" timestamp="2026-08-20T17:47:42.997416+00:00" hostname="agent-env-bd360506-8b55-49f2-8548-f013a4ad9627"><testcase classname="tests.test_clauseclock_stage2_locate_retry.TestHighRecallLocateFallback" name="test_empty_ai_locate_still_uses_hint_chunks" time="0.796" /><testcase classname="tests.test_clauseclock_stage2_locate_retry.TestOneRetryOnFoundFalse" name="test_exactly_one_retry_when_found_false_and_hints_exist" time="0.104" /><testcase classname="tests.test_clauseclock_stage2_locate_retry.TestOneRetryOnFoundFalse" name="test_no_retry_when_no_hint_chunks" time="0.094" /><testcase classname="tests.test_clauseclock_stage2_locate_retry.TestOneRetryOnFoundFalse" name="test_no_finding_when_retry_also_returns_found_false" time="0.101" /><testcase classname="tests.test_clauseclock_stage2_locate_retry.TestProvenanceIntegrity" name="test_char_offset_matches_validator_result" time="0.652" /></testsuite></testsuites>