<?xml version="1.0" encoding="utf-8"?><testsuites name="pytest tests"><testsuite name="pytest" errors="0" failures="0" skipped="0" tests="4" time="3.875" timestamp="2026-08-20T20:27:31.150800+00:00" hostname="agent-env-bd360506-8b55-49f2-8548-f013a4ad9627"><testcase classname="tests.test_correct_noop_fix" name="test_no_change_correct_is_true_noop" time="0.654" /><testcase classname="tests.test_correct_noop_fix" name="test_no_change_correct_does_not_move_accuracy" time="0.741" /><testcase classname="tests.test_correct_noop_fix" name="test_real_correction_updates_state_and_accuracy" time="0.714" /><testcase classname="tests.test_correct_noop_fix" name="test_real_then_noop_does_not_double_count" time="0.900" /></testsuite></testsuites>