<?xml version="1.0" encoding="utf-8"?><testsuites name="pytest tests"><testsuite name="pytest" errors="0" failures="0" skipped="0" tests="11" time="4.016" timestamp="2026-08-20T08:22:06.354951+00:00" hostname="agent-env-bd360506-8b55-49f2-8548-f013a4ad9627"><testcase classname="tests.test_clauseclock_stage1.TestAuth" name="test_register_login_me" time="1.222" /><testcase classname="tests.test_clauseclock_stage1.TestPDFIngestion" name="test_upload_pdf_creates_contract" time="0.863" /><testcase classname="tests.test_clauseclock_stage1.TestPDFIngestion" name="test_contract_without_annual_value" time="0.368" /><testcase classname="tests.test_clauseclock_stage1.TestAuth" name="test_no_session_returns_401" time="0.362" /><testcase classname="tests.test_clauseclock_stage1.TestAuth" name="test_invalid_credentials" time="0.317" /><testcase classname="tests.test_clauseclock_stage1.TestIsolation" name="test_user_a_cannot_access_user_b_contract" time="1.462" /><testcase classname="tests.test_clauseclock_stage1.TestDocxIngestion" name="test_add_docx_amendment" time="0.771" /><testcase classname="tests.test_clauseclock_stage1.TestContractDetail" name="test_get_contract_returns_documents" time="0.174" /><testcase classname="tests.test_clauseclock_stage1.TestIsolation" name="test_user_id_from_client_ignored" time="0.225" /><testcase classname="tests.test_clauseclock_stage1.TestHardDelete" name="test_delete_removes_gridfs_originals" time="0.317" /><testcase classname="tests.test_clauseclock_stage1.TestScannedDetection" name="test_blank_pdf_detected_as_scanned" time="0.150" /></testsuite></testsuites>