<?xml version="1.0" encoding="utf-8"?><testsuites name="pytest tests"><testsuite name="pytest" errors="0" failures="0" skipped="0" tests="16" time="50.661" timestamp="2026-08-20T16:50:17.921074+00:00" hostname="agent-env-bd360506-8b55-49f2-8548-f013a4ad9627"><testcase classname="tests.test_clauseclock_gate.TestGate1Docx" name="test_docx_extraction_markers_and_content" time="0.547" /><testcase classname="tests.test_clauseclock_gate.TestGate2TwoCol" name="test_twocol_pdf_readable_with_page_markers" time="0.264" /><testcase classname="tests.test_clauseclock_gate.TestGate3LongPdf" name="test_40page_pdf_has_all_page_markers" time="1.708" /><testcase classname="tests.test_clauseclock_gate.TestGate4Appendix" name="test_appendix_page2_captured" time="0.080" /><testcase classname="tests.test_clauseclock_gate.TestGate5Tables" name="test_tables_extracted" time="0.078" /><testcase classname="tests.test_clauseclock_gate.TestScannedGuardrail" name="test_scanned_pdf_returns_exact_message" time="0.123" /><testcase classname="tests.test_clauseclock_gate.TestZZCleanup" name="test_hard_delete_all_and_verify_gridfs" time="1.149" /><testcase classname="tests.test_clauseclock_stage2.TestHappyPath" name="test_happy_renewal" time="10.869" /><testcase classname="tests.test_clauseclock_stage2.TestAnnualValueProvenance" name="test_extracted_value_provenance" time="0.073" /><testcase classname="tests.test_clauseclock_stage2.TestAnnualValueProvenance" name="test_user_entered_not_overwritten" time="10.542" /><testcase classname="tests.test_clauseclock_stage2.TestMissingEffectiveDate" name="test_needs_review_no_deadline" time="8.087" /><testcase classname="tests.test_clauseclock_stage2.TestMissingNoticeDays" name="test_needs_review_no_deadline" time="7.890" /><testcase classname="tests.test_clauseclock_stage2.TestNoRenewalLanguage" name="test_no_findings" time="1.268" /><testcase classname="tests.test_clauseclock_stage2.TestManualRenewal" name="test_no_automatic_deadline" time="6.602" /><testcase classname="tests.test_clauseclock_stage2.TestSourceIntegrity" name="test_every_source_appears_in_rawtext" time="0.157" /><testcase classname="tests.test_clauseclock_stage2.TestUserIsolation" name="test_userB_cannot_access" time="1.097" /></testsuite></testsuites>