<?xml version="1.0" encoding="utf-8"?><testsuites name="pytest tests"><testsuite name="pytest" errors="0" failures="0" skipped="0" tests="9" time="47.994" timestamp="2026-08-20T17:48:41.341239+00:00" hostname="agent-env-bd360506-8b55-49f2-8548-f013a4ad9627"><testcase classname="tests.test_clauseclock_stage2.TestHappyPath" name="test_happy_renewal" time="10.037" /><testcase classname="tests.test_clauseclock_stage2.TestAnnualValueProvenance" name="test_extracted_value_provenance" time="0.073" /><testcase classname="tests.test_clauseclock_stage2.TestAnnualValueProvenance" name="test_user_entered_not_overwritten" time="11.846" /><testcase classname="tests.test_clauseclock_stage2.TestMissingEffectiveDate" name="test_needs_review_no_deadline" time="7.903" /><testcase classname="tests.test_clauseclock_stage2.TestMissingNoticeDays" name="test_needs_review_no_deadline" time="7.694" /><testcase classname="tests.test_clauseclock_stage2.TestNoRenewalLanguage" name="test_no_findings" time="1.604" /><testcase classname="tests.test_clauseclock_stage2.TestManualRenewal" name="test_no_automatic_deadline" time="7.352" /><testcase classname="tests.test_clauseclock_stage2.TestSourceIntegrity" name="test_every_source_appears_in_rawtext" time="0.153" /><testcase classname="tests.test_clauseclock_stage2.TestUserIsolation" name="test_userB_cannot_access" time="1.245" /></testsuite></testsuites>