<?xml version="1.0" encoding="utf-8"?><testsuites name="pytest tests"><testsuite name="pytest" errors="0" failures="0" skipped="0" tests="7" time="7.099" timestamp="2026-08-20T20:40:18.705994+00:00" hostname="agent-env-bd360506-8b55-49f2-8548-f013a4ad9627"><testcase classname="tests.test_clauseclock_stage4" name="test_ranking_reproducible_and_days_refreshed" time="0.874" /><testcase classname="tests.test_clauseclock_stage4" name="test_rank_ordering_and_categories" time="0.584" /><testcase classname="tests.test_clauseclock_stage4" name="test_needs_review_no_explanation" time="0.136" /><testcase classname="tests.test_clauseclock_stage4" name="test_correct_to_validated_generates_and_regress_clears" time="4.930" /><testcase classname="tests.test_clauseclock_stage4" name="test_correct_nochange_noop" time="0.121" /><testcase classname="tests.test_clauseclock_stage4" name="test_cross_user_findings_404" time="0.205" /><testcase classname="tests.test_clauseclock_stage4" name="test_sources_preserved_alongside_explanation" time="0.134" /></testsuite></testsuites>