<?xml version="1.0" encoding="utf-8"?><testsuites name="pytest tests"><testsuite name="pytest" errors="0" failures="0" skipped="0" tests="10" time="20.817" timestamp="2026-08-20T17:48:04.579459+00:00" hostname="agent-env-bd360506-8b55-49f2-8548-f013a4ad9627"><testcase classname="tests.test_clauseclock_stage2_defects.TestMarkerTolerantUnit" name="test_marker_tolerant_matches_across_page_marker" time="0.001" /><testcase classname="tests.test_clauseclock_stage2_defects.TestMarkerTolerantUnit" name="test_wrong_word_still_returns_none" time="0.000" /><testcase classname="tests.test_clauseclock_stage2_defects.TestMarkerTolerantUnit" name="test_display_quote_strips_injected_markers" time="0.000" /><testcase classname="tests.test_clauseclock_stage2_defects.TestMarkerTolerantUnit" name="test_marker_tolerant_ignores_table_and_section_markers" time="0.000" /><testcase classname="tests.test_clauseclock_stage2_defects.TestZeroSourceSuppression" name="test_zero_validated_sources_yields_warning_and_no_finding" time="0.614" /><testcase classname="tests.test_clauseclock_stage2_defects.TestMultiPurposeSources" name="test_single_clause_supports_renewal_and_notice" time="9.820" /><testcase classname="tests.test_clauseclock_stage2_defects.TestGatingPreserved" name="test_notice_only_doc_is_needs_review_or_no_finding" time="7.246" /><testcase classname="tests.test_clauseclock_stage2_defects.TestInvariantsAcrossAll" name="test_no_persisted_finding_has_zero_sources" time="0.235" /><testcase classname="tests.test_clauseclock_stage2_defects.TestInvariantsAcrossAll" name="test_every_validated_quote_is_verbatim_in_rawtext" time="0.450" /><testcase classname="tests.test_clauseclock_stage2_defects.TestAuthIsolation" name="test_userB_cannot_access_defect_contracts" time="0.846" /></testsuite></testsuites>