<?xml version="1.0" encoding="utf-8"?><testsuites name="pytest tests"><testsuite name="pytest" errors="0" failures="0" skipped="0" tests="14" time="4.052" timestamp="2026-08-20T19:59:52.782196+00:00" hostname="agent-env-bd360506-8b55-49f2-8548-f013a4ad9627"><testcase classname="tests.test_clauseclock_stage3" name="test_confirm_sets_state_and_preserves_extracted" time="0.569" /><testcase classname="tests.test_clauseclock_stage3" name="test_correct_recompute_unblocks_deadline" time="0.096" /><testcase classname="tests.test_clauseclock_stage3" name="test_correct_no_changes_is_noop_on_corrected_fields" time="0.081" /><testcase classname="tests.test_clauseclock_stage3" name="test_correct_rejects_invalid[payload0]" time="0.085" /><testcase classname="tests.test_clauseclock_stage3" name="test_correct_rejects_invalid[payload1]" time="0.080" /><testcase classname="tests.test_clauseclock_stage3" name="test_correct_rejects_invalid[payload2]" time="0.080" /><testcase classname="tests.test_clauseclock_stage3" name="test_correct_rejects_invalid[payload3]" time="0.071" /><testcase classname="tests.test_clauseclock_stage3" name="test_correct_rejects_invalid[payload4]" time="0.085" /><testcase classname="tests.test_clauseclock_stage3" name="test_dismiss_preserves_provenance" time="0.158" /><testcase classname="tests.test_clauseclock_stage3" name="test_persistence_after_actions" time="0.336" /><testcase classname="tests.test_clauseclock_stage3" name="test_isolation_between_users" time="0.782" /><testcase classname="tests.test_clauseclock_stage3" name="test_accuracy_correctness" time="1.037" /><testcase classname="tests.test_clauseclock_stage3" name="test_unauth_endpoints_reject" time="0.291" /><testcase classname="tests.test_clauseclock_stage3" name="test_invalid_finding_id_returns_404" time="0.164" /></testsuite></testsuites>