<?xml version="1.0" encoding="utf-8"?><testsuites name="pytest tests"><testsuite name="pytest" errors="0" failures="0" skipped="0" tests="38" time="1.533" timestamp="2026-08-20T17:46:43.428191+00:00" hostname="agent-env-bd360506-8b55-49f2-8548-f013a4ad9627"><testcase classname="tests.test_clauseclock_stage2_typography.TestNormIsOneToOne" name="test_len_preserved_for_all_mapped_chars" time="0.000" /><testcase classname="tests.test_clauseclock_stage2_typography.TestNormIsOneToOne" name="test_len_preserved_mixed_string" time="0.000" /><testcase classname="tests.test_clauseclock_stage2_typography.TestNormIsOneToOne" name="test_curly_double_quotes_become_ascii" time="0.000" /><testcase classname="tests.test_clauseclock_stage2_typography.TestNormIsOneToOne" name="test_curly_single_and_apostrophe_become_ascii" time="0.000" /><testcase classname="tests.test_clauseclock_stage2_typography.TestNormIsOneToOne" name="test_dashes_normalize_to_ascii_hyphen" time="0.000" /><testcase classname="tests.test_clauseclock_stage2_typography.TestNormIsOneToOne" name="test_spaces_normalize_to_ascii_space" time="0.000" /><testcase classname="tests.test_clauseclock_stage2_typography.TestNormIsOneToOne" name="test_plain_ascii_unchanged" time="0.000" /><testcase classname="tests.test_clauseclock_stage2_typography.TestTypographyMatching" name="test_ascii_quote_matches_unicode_curly_double_raw" time="0.000" /><testcase classname="tests.test_clauseclock_stage2_typography.TestTypographyMatching" name="test_ascii_quote_matches_unicode_apostrophe_raw" time="0.000" /><testcase classname="tests.test_clauseclock_stage2_typography.TestTypographyMatching" name="test_ascii_hyphen_matches_unicode_non_breaking_hyphen" time="0.000" /><testcase classname="tests.test_clauseclock_stage2_typography.TestTypographyMatching" name="test_ascii_hyphen_matches_unicode_en_and_em_dash" time="0.000" /><testcase classname="tests.test_clauseclock_stage2_typography.TestTypographyMatching" name="test_ascii_space_matches_unicode_nbsp_and_thin_space" time="0.000" /><testcase classname="tests.test_clauseclock_stage2_typography.TestTypographyMatching" name="test_reverse_unicode_quote_ascii_raw" time="0.000" /><testcase classname="tests.test_clauseclock_stage2_typography.TestTypographyMatching" name="test_combined_multiple_typographic_variants" time="0.000" /><testcase classname="tests.test_clauseclock_stage2_typography.TestStillStrictAfterNormalization" name="test_wrong_word_with_curly_quotes_still_none" time="0.000" /><testcase classname="tests.test_clauseclock_stage2_typography.TestStillStrictAfterNormalization" name="test_paraphrase_with_typography_still_none" time="0.000" /><testcase classname="tests.test_clauseclock_stage2_typography.TestStillStrictAfterNormalization" name="test_wrong_order_with_typography_still_none" time="0.000" /><testcase classname="tests.test_clauseclock_stage2_typography.TestStillStrictAfterNormalization" name="test_extra_word_still_none_even_with_curly_quotes" time="0.000" /><testcase classname="tests.test_clauseclock_stage2_typography.TestStillStrictAfterNormalization" name="test_absent_word_still_none" time="0.000" /><testcase classname="tests.test_clauseclock_stage2_typography.TestMarkerPlusTypography" name="test_marker_and_curly_quotes_returns_correct_original_offset" time="0.000" /><testcase classname="tests.test_clauseclock_stage2_typography.TestMarkerPlusTypography" name="test_end_to_end_validate_sources_marker_and_typography" time="0.000" /><testcase classname="tests.test_clauseclock_stage2_typography.TestComputeDatesDeterminism" name="test_basic_deadline_60_days_before_renewal" time="0.001" /><testcase classname="tests.test_clauseclock_stage2_typography.TestComputeDatesDeterminism" name="test_leap_year_february" time="0.000" /><testcase classname="tests.test_clauseclock_stage2_typography.TestComputeDatesDeterminism" name="test_rolls_forward_past_today" time="0.000" /><testcase classname="tests.test_clauseclock_stage2_typography.TestComputeDatesDeterminism" name="test_needs_review_when_notice_days_missing" time="0.000" /><testcase classname="tests.test_clauseclock_stage2_typography.TestComputeDatesDeterminism" name="test_needs_review_when_initial_term_missing" time="0.000" /><testcase classname="tests.test_clauseclock_stage2_typography.TestRenewalHintRegex" name="test_matches_common_renewal_language[This Agreement shall automatically renew for successive one-year terms.]" time="0.000" /><testcase classname="tests.test_clauseclock_stage2_typography.TestRenewalHintRegex" name="test_matches_common_renewal_language[The contract automatically renews annually.]" time="0.000" /><testcase classname="tests.test_clauseclock_stage2_typography.TestRenewalHintRegex" name="test_matches_common_renewal_language[Renewal term shall be one (1) year.]" time="0.000" /><testcase classname="tests.test_clauseclock_stage2_typography.TestRenewalHintRegex" name="test_matches_common_renewal_language[renews for successive one-year terms]" time="0.000" /><testcase classname="tests.test_clauseclock_stage2_typography.TestRenewalHintRegex" name="test_matches_common_renewal_language[Non-renewal notice must be given.]" time="0.000" /><testcase classname="tests.test_clauseclock_stage2_typography.TestRenewalHintRegex" name="test_matches_common_renewal_language[non renewal is subject to sixty days notice]" time="0.000" /><testcase classname="tests.test_clauseclock_stage2_typography.TestRenewalHintRegex" name="test_matches_common_renewal_language[either party may elect not to renew]" time="0.000" /><testcase classname="tests.test_clauseclock_stage2_typography.TestRenewalHintRegex" name="test_matches_common_renewal_language[The contract will renew automatically each year.]" time="0.000" /><testcase classname="tests.test_clauseclock_stage2_typography.TestRenewalHintRegex" name="test_does_not_match_unrelated_language[The parties shall meet quarterly to review performance.]" time="0.000" /><testcase classname="tests.test_clauseclock_stage2_typography.TestRenewalHintRegex" name="test_does_not_match_unrelated_language[Confidentiality obligations shall survive termination.]" time="0.000" /><testcase classname="tests.test_clauseclock_stage2_typography.TestRenewalHintRegex" name="test_does_not_match_unrelated_language[Governing law shall be Delaware.]" time="0.000" /><testcase classname="tests.test_clauseclock_stage2_typography.TestRenewalHintRegex" name="test_does_not_match_unrelated_language[Payment is due within thirty days of invoice.]" time="0.000" /></testsuite></testsuites>